<?xml version="1.0" encoding="UTF-8"?>
<!-- Generated by org.testng.reporters.JUnitReportReporter -->
<testsuite hostname="Admin-PC" failures="0" tests="7" name="dtm.TitleTest" time="12.709" errors="0" timestamp="2026-03-10T13:13:43 GMT+07:00" skipped="0">
  <testcase classname="dtm.TitleTest" name="testPageSource" time="1.573"/>
  <testcase classname="dtm.TitleTest" name="testTitle" time="1.504"/>
  <testcase classname="dtm.TitleTest" name="testURL" time="1.690"/>
  <testcase classname="dtm.TitleTest" name="testUsernamePlaceholder" time="1.753"/>
  <testcase classname="dtm.TitleTest" name="testLoginFormDisplayed" time="1.636"/>
  <testcase classname="dtm.TitleTest" name="testLoginSuccessRedirect" time="1.896"/>
  <testcase classname="dtm.TitleTest" name="testLoginWithWrongCredentials" time="2.657"/>
</testsuite> <!-- dtm.TitleTest -->
