<?xml version="1.0" encoding="UTF-8"?>
<!-- Generated by org.testng.reporters.JUnitReportReporter -->
<testsuite hostname="Admin-PC" failures="0" tests="5" name="dtm.LoginTest" time="10.078" errors="0" timestamp="2026-03-10T13:35:22 GMT+07:00" skipped="0">
  <testcase classname="dtm.LoginTest" name="testLoginEmptyUsername" time="1.628"/>
  <testcase classname="dtm.LoginTest" name="testLoginLockedUser" time="1.776"/>
  <testcase classname="dtm.LoginTest" name="testLoginWrongPassword" time="2.267"/>
  <testcase classname="dtm.LoginTest" name="testLoginEmptyPassword" time="1.744"/>
  <testcase classname="dtm.LoginTest" name="testLoginSuccess" time="2.663"/>
</testsuite> <!-- dtm.LoginTest -->
