<?xml version="1.0" encoding="UTF-8"?>
<!-- Generated by org.testng.reporters.JUnitXMLReporter -->
<testsuite ignored="0" hostname="Admin-PC" failures="0" tests="8" name="Surefire test" time="0.096" errors="0" timestamp="2026-03-10T15:40:11 GMT+07:00">
  <testcase classname="dtm.PhiShipBasisPathTest" name="testPath1_TrongLuongKhongHopLe" time="0.01"/>
  <testcase classname="dtm.PhiShipBasisPathTest" name="testPath2_NoiThanh_NheHon5kg_KhongMember" time="0.004"/>
  <testcase classname="dtm.PhiShipBasisPathTest" name="testPath3_NoiThanh_NangHon5kg_KhongMember" time="0.001"/>
  <testcase classname="dtm.PhiShipBasisPathTest" name="testPath4_NoiThanh_NheHon5kg_LaMember" time="0.002"/>
  <testcase classname="dtm.PhiShipBasisPathTest" name="testPath5_NgoaiThanh_NheHon3kg_KhongMember" time="0.0"/>
  <testcase classname="dtm.PhiShipBasisPathTest" name="testPath6_NgoaiThanh_NangHon3kg_KhongMember" time="0.001"/>
  <testcase classname="dtm.PhiShipBasisPathTest" name="testPath7_TinhKhac_NheHon2kg_KhongMember" time="0.001"/>
  <testcase classname="dtm.PhiShipBasisPathTest" name="testPath8_TinhKhac_NangHon2kg_KhongMember" time="0.001"/>
</testsuite> <!-- Surefire test -->
