<?xml version="1.0" encoding="UTF-8"?>
<!-- Generated by org.testng.reporters.JUnitXMLReporter -->
<testsuite ignored="0" hostname="Admin-PC" failures="0" tests="4" name="Cart Tests - Regression" time="10.468" errors="0" timestamp="2026-03-10T14:30:49 GMT+07:00">
  <testcase classname="dtm.CartTest" name="testAddItemToCart" time="0.179"/>
  <testcase classname="dtm.CartTest" name="testAddTwoItemsToCart" time="0.19"/>
  <testcase classname="dtm.CartTest" name="testCartPageShowsItems" time="0.243"/>
  <testcase classname="dtm.CartTest" name="testRemoveItemFromCart" time="0.25"/>
</testsuite> <!-- Cart Tests - Regression -->
