<?xml version="1.0" encoding="UTF-8"?>
<!-- Generated by org.testng.reporters.JUnitXMLReporter -->
<testsuite ignored="0" hostname="Admin-PC" failures="0" tests="4" name="Checkout Tests - Regression" time="9.164" errors="0" timestamp="2026-03-10T14:30:57 GMT+07:00">
  <testcase classname="dtm.CheckoutTest" name="testCheckoutButtonNavigates" time="0.099"/>
  <testcase classname="dtm.CheckoutTest" name="testCheckoutEmptyFirstName" time="0.337"/>
  <testcase classname="dtm.CheckoutTest" name="testCompleteOrder" time="0.443"/>
  <testcase classname="dtm.CheckoutTest" name="testFillCustomerInfo" time="0.375"/>
</testsuite> <!-- Checkout Tests - Regression -->
