<?xml version="1.0" encoding="UTF-8"?>
<!-- Generated by org.testng.reporters.JUnitXMLReporter -->
<testsuite ignored="0" hostname="Admin-PC" failures="0" tests="4" name="Login Tests - Regression" time="9.672" errors="0" timestamp="2026-03-10T14:30:48 GMT+07:00">
  <testcase classname="dtm.LoginTest" name="testLoginEmptyUsername" time="0.335"/>
  <testcase classname="dtm.LoginTest" name="testLoginLockedUser" time="0.375"/>
  <testcase classname="dtm.LoginTest" name="testLoginSuccess" time="0.382"/>
  <testcase classname="dtm.LoginTest" name="testLoginWrongPassword" time="0.974"/>
</testsuite> <!-- Login Tests - Regression -->
