<?xml version="1.0" encoding="UTF-8"?>
<!-- Generated by org.testng.reporters.JUnitXMLReporter -->
<testsuite ignored="0" hostname="Admin-PC" failures="0" tests="5" name="Surefire test" time="10.124" errors="0" timestamp="2026-03-10T13:35:22 GMT+07:00">
  <testcase classname="dtm.LoginTest" name="testLoginEmptyPassword" time="0.252"/>
  <testcase classname="dtm.LoginTest" name="testLoginEmptyUsername" time="0.204"/>
  <testcase classname="dtm.LoginTest" name="testLoginLockedUser" time="0.295"/>
  <testcase classname="dtm.LoginTest" name="testLoginSuccess" time="0.268"/>
  <testcase classname="dtm.LoginTest" name="testLoginWrongPassword" time="0.215"/>
</testsuite> <!-- Surefire test -->
