<?xml version="1.0" encoding="UTF-8"?>
<!-- Generated by org.testng.reporters.JUnitXMLReporter -->
<testsuite ignored="3" hostname="Admin-PC" failures="0" tests="1" name="Cart Tests - Smoke" time="2.011" errors="0" timestamp="2026-03-10T14:28:48 GMT+07:00">
  <testcase classname="dtm.CartTest" name="testAddItemToCart" time="0.159"/>
  <testcase classname="dtm.CartTest" name="testCartPageShowsItems" time="0.0">
    <ignored/>
  </testcase> <!-- testCartPageShowsItems -->
  <testcase classname="dtm.CartTest" name="testAddTwoItemsToCart" time="0.0">
    <ignored/>
  </testcase> <!-- testAddTwoItemsToCart -->
  <testcase classname="dtm.CartTest" name="testRemoveItemFromCart" time="0.0">
    <ignored/>
  </testcase> <!-- testRemoveItemFromCart -->
</testsuite> <!-- Cart Tests - Smoke -->
