<?xml version="1.0" encoding="UTF-8"?>
<!-- Generated by org.testng.reporters.JUnitXMLReporter -->
<testsuite ignored="3" hostname="Admin-PC" failures="0" tests="1" name="Checkout Tests - Smoke" time="2.215" errors="0" timestamp="2026-03-10T14:28:50 GMT+07:00">
  <testcase classname="dtm.CheckoutTest" name="testCheckoutButtonNavigates" time="0.087"/>
  <testcase classname="dtm.CheckoutTest" name="testCompleteOrder" time="0.0">
    <ignored/>
  </testcase> <!-- testCompleteOrder -->
  <testcase classname="dtm.CheckoutTest" name="testFillCustomerInfo" time="0.0">
    <ignored/>
  </testcase> <!-- testFillCustomerInfo -->
  <testcase classname="dtm.CheckoutTest" name="testCheckoutEmptyFirstName" time="0.0">
    <ignored/>
  </testcase> <!-- testCheckoutEmptyFirstName -->
</testsuite> <!-- Checkout Tests - Smoke -->
