<?xml version="1.0" encoding="UTF-8"?>
<!-- Generated by org.testng.reporters.JUnitXMLReporter -->
<testsuite ignored="3" hostname="Admin-PC" failures="0" tests="1" name="Login Tests - Smoke" time="2.747" errors="0" timestamp="2026-03-10T14:28:46 GMT+07:00">
  <testcase classname="dtm.LoginTest" name="testLoginSuccess" time="0.269"/>
  <testcase classname="dtm.LoginTest" name="testLoginWrongPassword" time="0.0">
    <ignored/>
  </testcase> <!-- testLoginWrongPassword -->
  <testcase classname="dtm.LoginTest" name="testLoginLockedUser" time="0.0">
    <ignored/>
  </testcase> <!-- testLoginLockedUser -->
  <testcase classname="dtm.LoginTest" name="testLoginEmptyUsername" time="0.0">
    <ignored/>
  </testcase> <!-- testLoginEmptyUsername -->
</testsuite> <!-- Login Tests - Smoke -->
