<?xml version="1.0" encoding="UTF-8"?>
<!-- Generated by org.testng.reporters.JUnitReportReporter -->
<testsuite hostname="Admin-PC" failures="0" tests="4" name="dtm.CartTest" time="10.427" errors="0" timestamp="2026-03-10T14:30:57 GMT+07:00" skipped="0">
  <testcase classname="dtm.CartTest" name="testCartPageShowsItems" time="2.343"/>
  <testcase classname="dtm.CartTest" name="testRemoveItemFromCart" time="3.409"/>
  <testcase classname="dtm.CartTest" name="testAddTwoItemsToCart" time="2.413"/>
  <testcase classname="dtm.CartTest" name="testAddItemToCart" time="2.262"/>
</testsuite> <!-- dtm.CartTest -->
