<?xml version="1.0" encoding="UTF-8"?>
<!-- Generated by org.testng.reporters.JUnitReportReporter -->
<testsuite hostname="Admin-PC" failures="0" tests="4" name="dtm.LoginTest" time="9.622" errors="0" timestamp="2026-03-10T14:30:57 GMT+07:00" skipped="0">
  <testcase classname="dtm.LoginTest" name="testLoginSuccess" time="3.031"/>
  <testcase classname="dtm.LoginTest" name="testLoginWrongPassword" time="2.164"/>
  <testcase classname="dtm.LoginTest" name="testLoginLockedUser" time="2.239"/>
  <testcase classname="dtm.LoginTest" name="testLoginEmptyUsername" time="2.188"/>
</testsuite> <!-- dtm.LoginTest -->
