<?xml version="1.0" encoding="UTF-8"?>
<!-- Generated by org.testng.reporters.JUnitReportReporter -->
<testsuite hostname="Admin-PC" failures="0" tests="4" name="dtm.CheckoutTest" time="9.159" errors="0" timestamp="2026-03-10T14:30:57 GMT+07:00" skipped="0">
  <testcase classname="dtm.CheckoutTest" name="testCheckoutEmptyFirstName" time="2.427"/>
  <testcase classname="dtm.CheckoutTest" name="testCompleteOrder" time="2.442"/>
  <testcase classname="dtm.CheckoutTest" name="testCheckoutButtonNavigates" time="1.879"/>
  <testcase classname="dtm.CheckoutTest" name="testFillCustomerInfo" time="2.411"/>
</testsuite> <!-- dtm.CheckoutTest -->
