<?xml version="1.0" encoding="UTF-8"?>
<testng-results ignored="0" total="8" passed="8" failed="0" skipped="0">
  <reporter-output>
  </reporter-output>
  <suite started-at="2026-03-10T15:40:11 GMT+07:00" name="Surefire suite" finished-at="2026-03-10T15:40:11 GMT+07:00" duration-ms="96">
    <groups>
    </groups>
    <test started-at="2026-03-10T15:40:11 GMT+07:00" name="Surefire test" finished-at="2026-03-10T15:40:11 GMT+07:00" duration-ms="96">
      <class name="dtm.PhiShipBasisPathTest">
        <test-method signature="testPath1_TrongLuongKhongHopLe()[pri:0, instance:dtm.PhiShipBasisPathTest@55a1c291]" started-at="2026-03-10T15:40:11 GMT+07:00" name="testPath1_TrongLuongKhongHopLe" description="Path1: D1=T – trongLuong &lt;= 0 → IllegalArgumentException" finished-at="2026-03-10T15:40:11 GMT+07:00" duration-ms="10" status="PASS">
          <exception class="java.lang.IllegalArgumentException">
            <message>
              <![CDATA[Trong luong phai > 0]]>
            </message>
            <full-stacktrace>
              <![CDATA[java.lang.IllegalArgumentException: Trong luong phai > 0
at dtm.PhiShip.tinhPhiShip(PhiShip.java:23)
at dtm.PhiShipBasisPathTest.testPath1_TrongLuongKhongHopLe(PhiShipBasisPathTest.java:15)
at java.base/jdk.internal.reflect.NativeMethodAccessorImpl.invoke0(Native Method)
at java.base/jdk.internal.reflect.NativeMethodAccessorImpl.invoke(NativeMethodAccessorImpl.java:77)
at java.base/jdk.internal.reflect.DelegatingMethodAccessorImpl.invoke(DelegatingMethodAccessorImpl.java:43)
at java.base/java.lang.reflect.Method.invoke(Method.java:569)
at org.testng.internal.invokers.MethodInvocationHelper.invokeMethod(MethodInvocationHelper.java:139)
at org.testng.internal.invokers.TestInvoker.invokeMethod(TestInvoker.java:664)
at org.testng.internal.invokers.TestInvoker.invokeTestMethod(TestInvoker.java:227)
at org.testng.internal.invokers.MethodRunner.runInSequence(MethodRunner.java:50)
at org.testng.internal.invokers.TestInvoker$MethodInvocationAgent.invoke(TestInvoker.java:957)
at org.testng.internal.invokers.TestInvoker.invokeTestMethods(TestInvoker.java:200)
at org.testng.internal.invokers.TestMethodWorker.invokeTestMethods(TestMethodWorker.java:148)
at org.testng.internal.invokers.TestMethodWorker.run(TestMethodWorker.java:128)
at java.base/java.util.ArrayList.forEach(ArrayList.java:1511)
at org.testng.TestRunner.privateRun(TestRunner.java:848)
at org.testng.TestRunner.run(TestRunner.java:621)
at org.testng.SuiteRunner.runTest(SuiteRunner.java:443)
at org.testng.SuiteRunner.runSequentially(SuiteRunner.java:437)
at org.testng.SuiteRunner.privateRun(SuiteRunner.java:397)
at org.testng.SuiteRunner.run(SuiteRunner.java:336)
at org.testng.SuiteRunnerWorker.runSuite(SuiteRunnerWorker.java:52)
at org.testng.SuiteRunnerWorker.run(SuiteRunnerWorker.java:95)
at org.testng.TestNG.runSuitesSequentially(TestNG.java:1280)
at org.testng.TestNG.runSuitesLocally(TestNG.java:1200)
at org.testng.TestNG.runSuites(TestNG.java:1114)
at org.testng.TestNG.run(TestNG.java:1082)
at org.apache.maven.surefire.testng.TestNGExecutor.run(TestNGExecutor.java:155)
at org.apache.maven.surefire.testng.TestNGDirectoryTestSuite.executeSingleClass(TestNGDirectoryTestSuite.java:102)
at org.apache.maven.surefire.testng.TestNGDirectoryTestSuite.execute(TestNGDirectoryTestSuite.java:91)
at org.apache.maven.surefire.testng.TestNGProvider.invoke(TestNGProvider.java:137)
at org.apache.maven.surefire.booter.ForkedBooter.runSuitesInProcess(ForkedBooter.java:385)
at org.apache.maven.surefire.booter.ForkedBooter.execute(ForkedBooter.java:162)
at org.apache.maven.surefire.booter.ForkedBooter.run(ForkedBooter.java:507)
at org.apache.maven.surefire.booter.ForkedBooter.main(ForkedBooter.java:495)
]]>
            </full-stacktrace>
          </exception> <!-- java.lang.IllegalArgumentException -->
          <reporter-output>
          </reporter-output>
        </test-method> <!-- testPath1_TrongLuongKhongHopLe -->
        <test-method signature="testPath2_NoiThanh_NheHon5kg_KhongMember()[pri:0, instance:dtm.PhiShipBasisPathTest@55a1c291]" started-at="2026-03-10T15:40:11 GMT+07:00" name="testPath2_NoiThanh_NheHon5kg_KhongMember" description="Path2: D1=F D2=T D3=F D7=F – nội thành ≤5 kg, không member → 15000" finished-at="2026-03-10T15:40:11 GMT+07:00" duration-ms="4" status="PASS">
          <reporter-output>
          </reporter-output>
        </test-method> <!-- testPath2_NoiThanh_NheHon5kg_KhongMember -->
        <test-method signature="testPath3_NoiThanh_NangHon5kg_KhongMember()[pri:0, instance:dtm.PhiShipBasisPathTest@55a1c291]" started-at="2026-03-10T15:40:11 GMT+07:00" name="testPath3_NoiThanh_NangHon5kg_KhongMember" description="Path3: D1=F D2=T D3=T D7=F – nội thành &gt;5 kg, không member → 19000" finished-at="2026-03-10T15:40:11 GMT+07:00" duration-ms="1" status="PASS">
          <reporter-output>
          </reporter-output>
        </test-method> <!-- testPath3_NoiThanh_NangHon5kg_KhongMember -->
        <test-method signature="testPath4_NoiThanh_NheHon5kg_LaMember()[pri:0, instance:dtm.PhiShipBasisPathTest@55a1c291]" started-at="2026-03-10T15:40:11 GMT+07:00" name="testPath4_NoiThanh_NheHon5kg_LaMember" description="Path4: D1=F D2=T D3=F D7=T – nội thành ≤5 kg, là member → 13500" finished-at="2026-03-10T15:40:11 GMT+07:00" duration-ms="2" status="PASS">
          <reporter-output>
          </reporter-output>
        </test-method> <!-- testPath4_NoiThanh_NheHon5kg_LaMember -->
        <test-method signature="testPath5_NgoaiThanh_NheHon3kg_KhongMember()[pri:0, instance:dtm.PhiShipBasisPathTest@55a1c291]" started-at="2026-03-10T15:40:11 GMT+07:00" name="testPath5_NgoaiThanh_NheHon3kg_KhongMember" description="Path5: D1=F D2=F D4=T D5=F D7=F – ngoại thành ≤3 kg, không member → 25000" finished-at="2026-03-10T15:40:11 GMT+07:00" duration-ms="0" status="PASS">
          <reporter-output>
          </reporter-output>
        </test-method> <!-- testPath5_NgoaiThanh_NheHon3kg_KhongMember -->
        <test-method signature="testPath6_NgoaiThanh_NangHon3kg_KhongMember()[pri:0, instance:dtm.PhiShipBasisPathTest@55a1c291]" started-at="2026-03-10T15:40:11 GMT+07:00" name="testPath6_NgoaiThanh_NangHon3kg_KhongMember" description="Path6: D1=F D2=F D4=T D5=T D7=F – ngoại thành &gt;3 kg, không member → 31000" finished-at="2026-03-10T15:40:11 GMT+07:00" duration-ms="1" status="PASS">
          <reporter-output>
          </reporter-output>
        </test-method> <!-- testPath6_NgoaiThanh_NangHon3kg_KhongMember -->
        <test-method signature="testPath7_TinhKhac_NheHon2kg_KhongMember()[pri:0, instance:dtm.PhiShipBasisPathTest@55a1c291]" started-at="2026-03-10T15:40:11 GMT+07:00" name="testPath7_TinhKhac_NheHon2kg_KhongMember" description="Path7: D1=F D2=F D4=F D6=F D7=F – tỉnh khác ≤2 kg, không member → 50000" finished-at="2026-03-10T15:40:11 GMT+07:00" duration-ms="1" status="PASS">
          <reporter-output>
          </reporter-output>
        </test-method> <!-- testPath7_TinhKhac_NheHon2kg_KhongMember -->
        <test-method signature="testPath8_TinhKhac_NangHon2kg_KhongMember()[pri:0, instance:dtm.PhiShipBasisPathTest@55a1c291]" started-at="2026-03-10T15:40:11 GMT+07:00" name="testPath8_TinhKhac_NangHon2kg_KhongMember" description="Path8: D1=F D2=F D4=F D6=T D7=F – tỉnh khác &gt;2 kg, không member → 60000" finished-at="2026-03-10T15:40:11 GMT+07:00" duration-ms="1" status="PASS">
          <reporter-output>
          </reporter-output>
        </test-method> <!-- testPath8_TinhKhac_NangHon2kg_KhongMember -->
      </class> <!-- dtm.PhiShipBasisPathTest -->
    </test> <!-- Surefire test -->
  </suite> <!-- Surefire suite -->
</testng-results>
