<?xml version="1.0" encoding="UTF-8"?>
<testsuite xmlns:xsi="http://www.w3.org/2001/XMLSchema-instance" xsi:noNamespaceSchemaLocation="https://maven.apache.org/surefire/maven-surefire-plugin/xsd/surefire-test-report-3.0.xsd" version="3.0" name="dtm.PhiShipBasisPathTest" time="0.717" tests="8" errors="0" skipped="0" failures="0">
  <properties>
[...]
</properties>
  <testcase name="testPath1_TrongLuongKhongHopLe" classname="dtm.PhiShipBasisPathTest" time="0.009">
    <system-err><![CDATA[SLF4J: Failed to load class "org.slf4j.impl.StaticLoggerBinder".
SLF4J: Defaulting to no-operation (NOP) logger implementation
SLF4J: See http://www.slf4j.org/codes.html#StaticLoggerBinder for further details.
]]></system-err>
  </testcase>
  <testcase name="testPath2_NoiThanh_NheHon5kg_KhongMember" classname="dtm.PhiShipBasisPathTest" time="0.003"/>
  <testcase name="testPath3_NoiThanh_NangHon5kg_KhongMember" classname="dtm.PhiShipBasisPathTest" time="0.0"/>
  <testcase name="testPath4_NoiThanh_NheHon5kg_LaMember" classname="dtm.PhiShipBasisPathTest" time="0.001"/>
  <testcase name="testPath5_NgoaiThanh_NheHon3kg_KhongMember" classname="dtm.PhiShipBasisPathTest" time="0.0"/>
  <testcase name="testPath6_NgoaiThanh_NangHon3kg_KhongMember" classname="dtm.PhiShipBasisPathTest" time="0.001"/>
  <testcase name="testPath7_TinhKhac_NheHon2kg_KhongMember" classname="dtm.PhiShipBasisPathTest" time="0.001"/>
  <testcase name="testPath8_TinhKhac_NangHon2kg_KhongMember" classname="dtm.PhiShipBasisPathTest" time="0.0"/>
</testsuite>